2018-07-16 11:38:58.784  INFO 20884 --- [main] c.x.s.SpringBootLogginglApplication      : Starting SpringBootLogginglApplication on DESKTOP-34704G7 with PID 20884 (C:\Users\starn\IdeaProjects\spring-boot-loggingl\target\classes started by starn in C:\Users\starn\IdeaProjects\spring-boot-loggingl)
2018-07-16 11:38:58.819 DEBUG 20884 --- [main] c.x.s.SpringBootLogginglApplication      : Running with Spring Boot v2.0.3.RELEASE, Spring v5.0.7.RELEASE
2018-07-16 11:38:58.842  INFO 20884 --- [main] c.x.s.SpringBootLogginglApplication      : No active profile set, falling back to default profiles: default
2018-07-16 11:38:59.047  INFO 20884 --- [main] ConfigServletWebServerApplicationContext : Refreshing org.springframework.boot.web.servlet.context.AnnotationConfigServletWebServerApplicationContext@75329a49: startup date [Mon Jul 16 11:38:59 CST 2018]; root of context hierarchy
2018-07-16 11:39:00.364  INFO 20884 --- [main] o.s.b.w.embedded.tomcat.TomcatWebServer  : Tomcat initialized with port(s): 8080 (http)
2018-07-16 11:39:00.395  INFO 20884 --- [main] o.apache.catalina.core.StandardService   : Starting service [Tomcat]
2018-07-16 11:39:00.396  INFO 20884 --- [main] org.apache.catalina.core.StandardEngine  : Starting Servlet Engine: Apache Tomcat/8.5.31
2018-07-16 11:39:00.403  INFO 20884 --- [localhost-startStop-1] o.a.catalina.core.AprLifecycleListener   : The APR based Apache Tomcat Native library which allows optimal performance in production environments was not found on the java.library.path: [D:\Java\jdk1.8.0_162\bin;C:\Windows\Sun\Java\bin;C:\Windows\system32;C:\Windows;D:\app\starnic\product\12.2.0\dbhome_1\bin;C:\Windows\system32;C:\Windows;C:\Windows\System32\Wbem;C:\Windows\System32\WindowsPowerShell\v1.0\;C:\Windows\System32\OpenSSH\;C:\Program Files\Intel\WiFi\bin\;C:\Program Files\Common Files\Intel\WirelessCommon\;C:\Program Files (x86)\NVIDIA Corporation\PhysX\Common;D:\SVN\bin;D:\TortoiseSVN\bin;D:\Git\cmd;D:\SVN\Apache24\bin;D:\SVN\VisualSVNServer\bin;D:\Java\apache-maven-3.5.3\bin;D:\Java\apache-maven-3.5.3\bin;C:\Program Files (x86)\Pandoc\;C:\Users\starn\AppData\Local\Microsoft\WindowsApps;D:\Java\jdk1.8.0_162\bin;D:\Java\jdk1.8.0_162\jre\bin;C:\Program Files\Intel\WiFi\bin\;C:\Program Files\Common Files\Intel\WirelessCommon\;;.]
2018-07-16 11:39:00.520  INFO 20884 --- [localhost-startStop-1] o.a.c.c.C.[Tomcat].[localhost].[/]       : Initializing Spring embedded WebApplicationContext
2018-07-16 11:39:00.520  INFO 20884 --- [localhost-startStop-1] o.s.web.context.ContextLoader            : Root WebApplicationContext: initialization completed in 1474 ms
2018-07-16 11:39:00.677  INFO 20884 --- [localhost-startStop-1] o.s.b.w.servlet.ServletRegistrationBean  : Servlet dispatcherServlet mapped to [/]
2018-07-16 11:39:00.683  INFO 20884 --- [localhost-startStop-1] o.s.b.w.servlet.FilterRegistrationBean   : Mapping filter: 'characterEncodingFilter' to: [/*]
2018-07-16 11:39:00.683  INFO 20884 --- [localhost-startStop-1] o.s.b.w.servlet.FilterRegistrationBean   : Mapping filter: 'hiddenHttpMethodFilter' to: [/*]
2018-07-16 11:39:00.684  INFO 20884 --- [localhost-startStop-1] o.s.b.w.servlet.FilterRegistrationBean   : Mapping filter: 'httpPutFormContentFilter' to: [/*]
2018-07-16 11:39:00.684  INFO 20884 --- [localhost-startStop-1] o.s.b.w.servlet.FilterRegistrationBean   : Mapping filter: 'requestContextFilter' to: [/*]
2018-07-16 11:39:00.809  INFO 20884 --- [main] o.s.w.s.handler.SimpleUrlHandlerMapping  : Mapped URL path [/**/favicon.ico] onto handler of type [class org.springframework.web.servlet.resource.ResourceHttpRequestHandler]
2018-07-16 11:39:00.934  INFO 20884 --- [main] s.w.s.m.m.a.RequestMappingHandlerAdapter : Looking for @ControllerAdvice: org.springframework.boot.web.servlet.context.AnnotationConfigServletWebServerApplicationContext@75329a49: startup date [Mon Jul 16 11:38:59 CST 2018]; root of context hierarchy
2018-07-16 11:39:01.029  INFO 20884 --- [main] s.w.s.m.m.a.RequestMappingHandlerMapping : Mapped "{[/error]}" onto public org.springframework.http.ResponseEntity<java.util.Map<java.lang.String, java.lang.Object>> org.springframework.boot.autoconfigure.web.servlet.error.BasicErrorController.error(javax.servlet.http.HttpServletRequest)
2018-07-16 11:39:01.031  INFO 20884 --- [main] s.w.s.m.m.a.RequestMappingHandlerMapping : Mapped "{[/error],produces=[text/html]}" onto public org.springframework.web.servlet.ModelAndView org.springframework.boot.autoconfigure.web.servlet.error.BasicErrorController.errorHtml(javax.servlet.http.HttpServletRequest,javax.servlet.http.HttpServletResponse)
2018-07-16 11:39:01.053  INFO 20884 --- [main] o.s.w.s.handler.SimpleUrlHandlerMapping  : Mapped URL path [/webjars/**] onto handler of type [class org.springframework.web.servlet.resource.ResourceHttpRequestHandler]
2018-07-16 11:39:01.054  INFO 20884 --- [main] o.s.w.s.handler.SimpleUrlHandlerMapping  : Mapped URL path [/**] onto handler of type [class org.springframework.web.servlet.resource.ResourceHttpRequestHandler]
2018-07-16 11:39:01.209  INFO 20884 --- [main] o.s.j.e.a.AnnotationMBeanExporter        : Registering beans for JMX exposure on startup
2018-07-16 11:39:01.253  INFO 20884 --- [main] o.s.b.w.embedded.tomcat.TomcatWebServer  : Tomcat started on port(s): 8080 (http) with context path ''
2018-07-16 11:39:01.256  INFO 20884 --- [main] c.x.s.SpringBootLogginglApplication      : Started SpringBootLogginglApplication in 3.539 seconds (JVM running for 5.414)
